123-03-12 03:45:46 [info]:log init successful
123-03-12 03:45:46 [error]:ip bind failed
123-03-12 03:50:26 [info]:log init successful
123-03-12 03:50:26 [error]:ip bind failed
123-03-12 04:00:01 [info]:log init successful
123-03-12 04:00:01 [error]:ip bind failed
123-03-12 04:05:38 [info]:log init successful
123-03-12 04:06:01 [error]:ip bind failed
123-03-12 04:06:23 [info]:log init successful
123-03-12 04:07:23 [error]:ip bind failed
123-03-12 04:15:46 [info]:log init successful
123-03-12 04:15:46 [error]:ip bind failed
123-03-12 04:17:20 [info]:log init successful
123-03-12 04:17:20 [error]:ip bind failed
123-03-12 04:17:58 [info]:log init successful
123-03-12 04:17:58 [error]:ip bind failed
123-03-12 04:21:09 [info]:log init successful
123-03-12 04:21:09 [info]:mysql connection pool initialized
123-03-12 04:21:09 [info]:pthread pool initialized
123-03-12 04:21:14 [info]:task connected
123-03-12 04:21:49 [info]:log init successful
123-03-12 04:21:49 [info]:mysql connection pool initialized
123-03-12 04:21:49 [info]:pthread pool initialized
123-03-12 04:22:01 [info]:task connected
123-03-12 04:22:03 [info]:task connected
123-03-12 05:27:39 [info]:log init successful
123-03-12 05:27:39 [info]:mysql connection pool initialized
123-03-12 05:27:39 [info]:pthread pool initialized
123-03-12 05:27:39 [info]:task connected
123-03-12 05:27:54 [info]:task connected
123-03-12 05:27:56 [info]:task connected
123-03-12 05:27:59 [info]:task connected
123-03-12 05:28:14 [info]:log init successful
123-03-12 05:28:14 [info]:mysql connection pool initialized
123-03-12 05:28:14 [info]:pthread pool initialized
123-03-12 05:28:18 [info]:task connected
123-03-12 05:30:34 [info]:log init successful
123-03-12 05:30:34 [info]:mysql connection pool initialized
123-03-12 05:30:34 [info]:pthread pool initialized
123-03-12 05:30:39 [info]:task connected
123-03-12 05:30:39 [info]:task connected
123-03-12 05:31:13 [info]:log init successful
123-03-12 05:31:13 [info]:mysql connection pool initialized
123-03-12 05:31:13 [info]:pthread pool initialized
123-03-12 05:31:53 [info]:log init successful
123-03-12 05:31:53 [info]:mysql connection pool initialized
123-03-12 05:31:53 [info]:pthread pool initialized
123-03-12 05:32:04 [info]:task connected
123-03-12 05:32:33 [info]:log init successful
123-03-12 05:32:33 [info]:mysql connection pool initialized
123-03-12 05:32:33 [info]:pthread pool initialized
123-03-12 05:37:23 [info]:log init successful
123-03-12 05:37:23 [info]:mysql connection pool initialized
123-03-12 05:37:23 [info]:pthread pool initialized
123-03-12 05:37:39 [info]:task connected
123-03-12 05:37:57 [info]:task connected
123-03-12 05:40:41 [info]:task connected
123-03-12 05:41:09 [info]:task connected
123-03-12 05:41:54 [info]:log init successful
123-03-12 05:41:55 [info]:mysql connection pool initialized
123-03-12 05:41:55 [info]:pthread pool initialized
123-03-12 05:41:56 [info]:task connected
123-03-12 05:42:46 [error]:eopll wait timeout
123-03-12 05:42:46 [info]:Webserver closed
123-03-12 05:43:07 [info]:log init successful
123-03-12 05:43:07 [info]:mysql connection pool initialized
123-03-12 05:43:07 [info]:pthread pool initialized
123-03-12 05:43:09 [info]:task connected
123-03-12 05:43:09 [info]:task connected
123-03-12 05:43:13 [info]:task connected
123-03-12 05:43:33 [info]:log init successful
123-03-12 05:43:33 [info]:mysql connection pool initialized
123-03-12 05:43:33 [info]:pthread pool initialized
123-03-12 05:43:56 [info]:task connected
123-03-12 05:45:47 [info]:log init successful
123-03-12 05:45:47 [info]:mysql connection pool initialized
123-03-12 05:45:47 [info]:pthread pool initialized
123-03-12 05:45:53 [info]:task connected
123-03-12 05:45:56 [info]:task connected
123-03-12 05:57:08 [info]:log init successful
123-03-12 05:57:09 [info]:mysql connection pool initialized
123-03-12 05:57:09 [info]:pthread pool initialized
123-03-12 05:57:11 [info]:task connected
123-03-12 05:58:10 [info]:log init successful
123-03-12 05:58:10 [info]:mysql connection pool initialized
123-03-12 05:58:10 [info]:pthread pool initialized
123-03-12 05:58:12 [info]:task connected
123-03-12 05:58:56 [info]:log init successful
123-03-12 05:58:56 [info]:mysql connection pool initialized
123-03-12 05:58:56 [info]:pthread pool initialized
123-03-12 05:58:57 [info]:task connected
123-03-12 06:06:01 [info]:log init successful
123-03-12 06:06:01 [info]:mysql connection pool initialized
123-03-12 06:06:01 [info]:pthread pool initialized
123-03-12 06:06:16 [info]:task connected
123-03-12 06:07:28 [info]:log init successful
123-03-12 06:07:28 [info]:mysql connection pool initialized
123-03-12 06:07:28 [info]:pthread pool initialized
123-03-12 06:07:54 [info]:task connected
123-03-12 06:13:17 [info]:log init successful
123-03-12 06:13:17 [info]:mysql connection pool initialized
123-03-12 06:13:17 [info]:pthread pool initialized
123-03-12 06:13:33 [info]:task connected
123-03-12 06:13:56 [info]:task connected
